<?xml version="1.0" encoding="UTF-8"?>
<testsuite xmlns:xsi="http://www.w3.org/2001/XMLSchema-instance" xsi:noNamespaceSchemaLocation="https://maven.apache.org/surefire/maven-surefire-plugin/xsd/surefire-test-report.xsd" name="org.springframework.boot.testsupport.classpath.ModifiedClassPathExtensionExclusionsTests" time="0.206" tests="3" errors="0" skipped="0" failures="0">
  <properties>
[...]
</properties>
  <testcase name="entriesAreFilteredFromTestClassClassLoader" classname="org.springframework.boot.testsupport.classpath.ModifiedClassPathExtensionExclusionsTests" time="0.192"/>
  <testcase name="entriesAreFilteredFromThreadContextClassLoader" classname="org.springframework.boot.testsupport.classpath.ModifiedClassPathExtensionExclusionsTests" time="0.004"/>
  <testcase name="testsThatUseHamcrestWorkCorrectly" classname="org.springframework.boot.testsupport.classpath.ModifiedClassPathExtensionExclusionsTests" time="0.007"/>
</testsuite>